Arguments: 
  /usr/bin/node /usr/share/yarn/bin/yarn.js add @babel/cli

PATH: 
  /usr/local/sbin:/usr/local/bin:/usr/sbin:/usr/bin:/sbin:/bin:/usr/games:/usr/local/games:/snap/bin

Yarn version: 
  1.22.4

Node version: 
  10.15.2

Platform: 
  linux x64

Trace: 
  SyntaxError: /home/juliana/WebstormProjects/rocketseat/JavaScript ES6+/package.json: Unexpected token y in JSON at position 0
      at JSON.parse (<anonymous>)
      at /usr/share/yarn/lib/cli.js:1625:59
      at Generator.next (<anonymous>)
      at step (/usr/share/yarn/lib/cli.js:310:30)
      at /usr/share/yarn/lib/cli.js:321:13

npm manifest: 
  ya{
    "name": "cursoEs6",
    "version": "1.0.0",
    "main": "index.js",
    "license": "MIT"
  }

yarn manifest: 
  No manifest

Lockfile: 
  No lockfile
